The target system is: Generic - 3.5.99 - arm
The host system is: Linux - 6.2.0-26-generic - x86_64
Compiling the C compiler identification source file "CMakeCCompilerId.c" succeeded.
Compiler: /home/jpedroli/zephyr-sdk-0.16.4/arm-zephyr-eabi/bin/arm-zephyr-eabi-gcc 
Build flags: 
Id flags: -c 

The output was:
0


Compilation of the C compiler identification source "CMakeCCompilerId.c" produced "CMakeCCompilerId.o"

The C compiler identification is GNU, found in "/home/jpedroli/Documents/peripheral_bond/build/CMakeFiles/3.22.1/CompilerIdC/CMakeCCompilerId.o"

Compiling the CXX compiler identification source file "CMakeCXXCompilerId.cpp" succeeded.
Compiler: /home/jpedroli/zephyr-sdk-0.16.4/arm-zephyr-eabi/bin/arm-zephyr-eabi-g++ 
Build flags: 
Id flags: -c 

The output was:
0


Compilation of the CXX compiler identification source "CMakeCXXCompilerId.cpp" produced "CMakeCXXCompilerId.o"

The CXX compiler identification is GNU, found in "/home/jpedroli/Documents/peripheral_bond/build/CMakeFiles/3.22.1/CompilerIdCXX/CMakeCXXCompilerId.o"

Checking whether the ASM compiler is GNU using "--version" matched "(GNU assembler)|(GCC)|(Free Software Foundation)":
arm-zephyr-eabi-gcc (Zephyr SDK 0.16.4) 12.2.0
Copyright (C) 2022 Free Software Foundation, Inc.
This is free software; see the source for copying conditions.  There is NO
warranty; not even for MERCHANTABILITY or FITNESS FOR A PARTICULAR PURPOSE.

Performing C SOURCE FILE Test check_fmacro_prefix_map__home_jpedroli_Documents_peripheral_bond_CMAKE_SOURCE_DIR_C__nostartfiles__nostdlib__isystem___home_jpedroli_zephyr_sdk_0_16_4_arm_zephyr_eabi_bin____lib_gcc_arm_zephyr_eabi_12_2_0_include___isystem___home_jpedroli_zephyr_sdk_0_16_4_arm_zephyr_eabi_bin____lib_gcc_arm_zephyr_eabi_12_2_0_include_fixed___Wl___unresolved_symbols_ignore_in_object_files__Wl___entry_0 succeeded with the following output:
Change Dir: /home/jpedroli/Documents/peripheral_bond/build/CMakeFiles/CMakeTmp

Run Build Command(s):/usr/bin/ninja cmTC_761e9 && [1/2] Building C object CMakeFiles/cmTC_761e9.dir/src.c.obj
[2/2] Linking C executable cmTC_761e9


Source file was:
int main(void) { return 0; }
Determining if files stdatomic.h exist passed with the following output:
Change Dir: /home/jpedroli/Documents/peripheral_bond/build/CMakeFiles/CMakeTmp

Run Build Command(s):/usr/bin/ninja cmTC_b3816 && [1/2] Building C object CMakeFiles/cmTC_b3816.dir/HAVE_STDATOMIC_H.c.obj
[2/2] Linking C executable cmTC_b3816
arm-zephyr-eabi-gcc: warning: CMakeFiles/cmTC_b3816.dir/HAVE_STDATOMIC_H.c.obj: linker input file unused because linking not done



Determining if files fcntl.h exist passed with the following output:
Change Dir: /home/jpedroli/Documents/peripheral_bond/build/CMakeFiles/CMakeTmp

Run Build Command(s):/usr/bin/ninja cmTC_17b4d && [1/2] Building C object CMakeFiles/cmTC_17b4d.dir/HAVE_FCNTL_H.c.obj
[2/2] Linking C executable cmTC_17b4d
arm-zephyr-eabi-gcc: warning: CMakeFiles/cmTC_17b4d.dir/HAVE_FCNTL_H.c.obj: linker input file unused because linking not done



Performing C SOURCE FILE Test check_fmacro_prefix_map__home_jpedroli_Documents_peripheral_bond_CMAKE_SOURCE_DIR_C__c__nostartfiles__nostdlib__isystem___home_jpedroli_zephyr_sdk_0_16_4_arm_zephyr_eabi_bin____lib_gcc_arm_zephyr_eabi_12_2_0_include___isystem___home_jpedroli_zephyr_sdk_0_16_4_arm_zephyr_eabi_bin____lib_gcc_arm_zephyr_eabi_12_2_0_include_fixed___Wl___unresolved_symbols_ignore_in_object_files__Wl___entry_0 succeeded with the following output:
Change Dir: /home/jpedroli/Documents/peripheral_bond/build/CMakeFiles/CMakeTmp

Run Build Command(s):/usr/bin/ninja cmTC_692dd && [1/2] Building C object CMakeFiles/cmTC_692dd.dir/src.c.obj
[2/2] Linking C executable cmTC_692dd
arm-zephyr-eabi-gcc: warning: CMakeFiles/cmTC_692dd.dir/src.c.obj: linker input file unused because linking not done


Source file was:
int main(void) { return 0; }
