The target system is: Generic - 3.4.99 - arm
The host system is: Linux - 6.5.0-14-generic - x86_64
Compiling the C compiler identification source file "CMakeCCompilerId.c" succeeded.
Compiler: /home/jordan/ncs/toolchains/7795df4459/opt/zephyr-sdk/arm-zephyr-eabi/bin/arm-zephyr-eabi-gcc 
Build flags: 
Id flags: -c 

The output was:
0


Compilation of the C compiler identification source "CMakeCCompilerId.c" produced "CMakeCCompilerId.o"

The C compiler identification is GNU, found in "/home/jordan/Documents/PFE/appli/APPLICATION_WORKING/central_peripheral_indicate_read_write/peripheral_indicate_read_write/build/CMakeFiles/3.20.5/CompilerIdC/CMakeCCompilerId.o"

Compiling the CXX compiler identification source file "CMakeCXXCompilerId.cpp" succeeded.
Compiler: /home/jordan/ncs/toolchains/7795df4459/opt/zephyr-sdk/arm-zephyr-eabi/bin/arm-zephyr-eabi-g++ 
Build flags: 
Id flags: -c 

The output was:
0


Compilation of the CXX compiler identification source "CMakeCXXCompilerId.cpp" produced "CMakeCXXCompilerId.o"

The CXX compiler identification is GNU, found in "/home/jordan/Documents/PFE/appli/APPLICATION_WORKING/central_peripheral_indicate_read_write/peripheral_indicate_read_write/build/CMakeFiles/3.20.5/CompilerIdCXX/CMakeCXXCompilerId.o"

Checking whether the ASM compiler is GNU using "--version" matched "(GNU assembler)|(GCC)|(Free Software Foundation)":
arm-zephyr-eabi-gcc (Zephyr SDK 0.16.1) 12.2.0
Copyright (C) 2022 Free Software Foundation, Inc.
This is free software; see the source for copying conditions.  There is NO
warranty; not even for MERCHANTABILITY or FITNESS FOR A PARTICULAR PURPOSE.

Performing C SOURCE FILE Test check_fmacro_prefix_map__home_jordan_Documents_PFE_appli_APPLICATION_WORKING_central_peripheral_indicate_read_write_peripheral_indicate_read_write_CMAKE_SOURCE_DIR_C__nostartfiles__nostdlib__isystem___home_jordan_ncs_toolchains_7795df4459_opt_zephyr_sdk_arm_zephyr_eabi_bin____lib_gcc_arm_zephyr_eabi_12_2_0_include___isystem___home_jordan_ncs_toolchains_7795df4459_opt_zephyr_sdk_arm_zephyr_eabi_bin____lib_gcc_arm_zephyr_eabi_12_2_0_include_fixed___Wl___unresolved_symbols_ignore_in_object_files__Wl___entry_0 succeeded with the following output:
Change Dir: /home/jordan/Documents/PFE/appli/APPLICATION_WORKING/central_peripheral_indicate_read_write/peripheral_indicate_read_write/build/CMakeFiles/CMakeTmp

Run Build Command(s):/home/jordan/ncs/toolchains/7795df4459/usr/local/bin/ninja cmTC_0b9df && [1/2] Building C object CMakeFiles/cmTC_0b9df.dir/src.c.obj
[2/2] Linking C executable cmTC_0b9df


Source file was:
int main(void) { return 0; }
Determining if files stdatomic.h exist passed with the following output:
Change Dir: /home/jordan/Documents/PFE/appli/APPLICATION_WORKING/central_peripheral_indicate_read_write/peripheral_indicate_read_write/build/CMakeFiles/CMakeTmp

Run Build Command(s):/home/jordan/ncs/toolchains/7795df4459/usr/local/bin/ninja cmTC_4e688 && [1/2] Building C object CMakeFiles/cmTC_4e688.dir/HAVE_STDATOMIC_H.c.obj
[2/2] Linking C executable cmTC_4e688
arm-zephyr-eabi-gcc: warning: CMakeFiles/cmTC_4e688.dir/HAVE_STDATOMIC_H.c.obj: linker input file unused because linking not done



Determining if files fcntl.h exist passed with the following output:
Change Dir: /home/jordan/Documents/PFE/appli/APPLICATION_WORKING/central_peripheral_indicate_read_write/peripheral_indicate_read_write/build/CMakeFiles/CMakeTmp

Run Build Command(s):/home/jordan/ncs/toolchains/7795df4459/usr/local/bin/ninja cmTC_3bde4 && [1/2] Building C object CMakeFiles/cmTC_3bde4.dir/HAVE_FCNTL_H.c.obj
[2/2] Linking C executable cmTC_3bde4
arm-zephyr-eabi-gcc: warning: CMakeFiles/cmTC_3bde4.dir/HAVE_FCNTL_H.c.obj: linker input file unused because linking not done



