The target system is: Generic - 3.6.0 - arm
The host system is: Linux - 6.5.0-14-generic - x86_64
Compiling the C compiler identification source file "CMakeCCompilerId.c" succeeded.
Compiler: /home/quentin/zephyr-sdk-0.16.4/arm-zephyr-eabi/bin/arm-zephyr-eabi-gcc 
Build flags: 
Id flags: -c 

The output was:
0


Compilation of the C compiler identification source "CMakeCCompilerId.c" produced "CMakeCCompilerId.o"

The C compiler identification is GNU, found in "/home/quentin/Documents/workspace/pfe.git/samples/build/CMakeFiles/3.22.1/CompilerIdC/CMakeCCompilerId.o"

Compiling the CXX compiler identification source file "CMakeCXXCompilerId.cpp" succeeded.
Compiler: /home/quentin/zephyr-sdk-0.16.4/arm-zephyr-eabi/bin/arm-zephyr-eabi-g++ 
Build flags: 
Id flags: -c 

The output was:
0


Compilation of the CXX compiler identification source "CMakeCXXCompilerId.cpp" produced "CMakeCXXCompilerId.o"

The CXX compiler identification is GNU, found in "/home/quentin/Documents/workspace/pfe.git/samples/build/CMakeFiles/3.22.1/CompilerIdCXX/CMakeCXXCompilerId.o"

Checking whether the ASM compiler is GNU using "--version" matched "(GNU assembler)|(GCC)|(Free Software Foundation)":
arm-zephyr-eabi-gcc (Zephyr SDK 0.16.4) 12.2.0
Copyright (C) 2022 Free Software Foundation, Inc.
This is free software; see the source for copying conditions.  There is NO
warranty; not even for MERCHANTABILITY or FITNESS FOR A PARTICULAR PURPOSE.

Performing C SOURCE FILE Test check_fmacro_prefix_map__home_quentin_Documents_workspace_pfe_git_samples_test_peripheral_demo_CMAKE_SOURCE_DIR_C__nostartfiles__nostdlib__isystem___home_quentin_zephyr_sdk_0_16_4_arm_zephyr_eabi_bin____lib_gcc_arm_zephyr_eabi_12_2_0_include___isystem___home_quentin_zephyr_sdk_0_16_4_arm_zephyr_eabi_bin____lib_gcc_arm_zephyr_eabi_12_2_0_include_fixed___Wl___unresolved_symbols_ignore_in_object_files__Wl___entry_0 succeeded with the following output:
Change Dir: /home/quentin/Documents/workspace/pfe.git/samples/build/CMakeFiles/CMakeTmp

Run Build Command(s):/usr/bin/ninja cmTC_df3ac && [1/2] Building C object CMakeFiles/cmTC_df3ac.dir/src.c.obj
[2/2] Linking C executable cmTC_df3ac


Source file was:
int main(void) { return 0; }
Determining if files stdatomic.h exist passed with the following output:
Change Dir: /home/quentin/Documents/workspace/pfe.git/samples/build/CMakeFiles/CMakeTmp

Run Build Command(s):/usr/bin/ninja cmTC_5313d && [1/2] Building C object CMakeFiles/cmTC_5313d.dir/HAVE_STDATOMIC_H.c.obj
[2/2] Linking C executable cmTC_5313d
arm-zephyr-eabi-gcc: warning: CMakeFiles/cmTC_5313d.dir/HAVE_STDATOMIC_H.c.obj: linker input file unused because linking not done



Determining if files fcntl.h exist passed with the following output:
Change Dir: /home/quentin/Documents/workspace/pfe.git/samples/build/CMakeFiles/CMakeTmp

Run Build Command(s):/usr/bin/ninja cmTC_e5b8c && [1/2] Building C object CMakeFiles/cmTC_e5b8c.dir/HAVE_FCNTL_H.c.obj
[2/2] Linking C executable cmTC_e5b8c
arm-zephyr-eabi-gcc: warning: CMakeFiles/cmTC_e5b8c.dir/HAVE_FCNTL_H.c.obj: linker input file unused because linking not done



